<?xml version="1.0" encoding="UTF-8"?>
<!-- Generated by org.testng.reporters.JUnitXMLReporter -->
<testsuite ignored="0" hostname="DESKTOP-HV3UBSC" failures="1" tests="2" name="Test" time="12.709" errors="0" timestamp="28 Mar 2021 17:10:27 GMT">
  <testcase classname="com.qa.test.BaseTest" name="searchGoogle1" time="0.132"/>
  <testcase classname="com.qa.test.BaseTest" name="searchGoogle2" time="0.116">
    <failure type="java.lang.AssertionError" message="expected [13] but found [12]">
      <![CDATA[java.lang.AssertionError: expected [13] but found [12]
at com.qa.test.BaseTest.searchGoogle2(BaseTest.java:40)
... Removed 31 stack frames]]>
    </failure>
  </testcase> <!-- searchGoogle2 -->
</testsuite> <!-- Test -->
